host: ram-HP-Laptop-14s-fq1xxx
Building DAG of jobs...
Using shell: /usr/bin/bash
Provided cores: 1 (use --cores to define parallelism)
Rules claiming more threads will be scaled down.
Job stats:
job           count
----------  -------
all               1
fetch_data        1
total             2

Select jobs to execute...
Execute 1 jobs...

[Sun Feb 23 09:38:31 2025]
localrule fetch_data:
    output: db/sequences.db
    jobid: 1
    reason: Missing output files: db/sequences.db
    resources: tmpdir=/tmp

Terminating processes on user request, this might take some time.
RuleException:
CalledProcessError in file /home/ram/MajorProject/ML-GA-Motif-Discovery/mutation_predictor/Snakefile, line 11:
Command 'set -euo pipefail;  /home/ram/MajorProject/ML-GA-Motif-Discovery/mutation_predictor/lib/bin/python3 /home/ram/MajorProject/ML-GA-Motif-Discovery/mutation_predictor/.snakemake/scripts/tmpvjta2oo8.fetch_data.py' died with <Signals.SIGINT: 2>.
[Sun Feb 23 09:45:25 2025]
Error in rule fetch_data:
    jobid: 1
    output: db/sequences.db

Complete log: .snakemake/log/2025-02-23T093831.643122.snakemake.log
WorkflowError:
At least one job did not complete successfully.
